HAPSAMPLE Ver. 0.12
Seed Number: 0

************ SNPs not found in database ************

rs11554059
rs461659
rs2340403
rs7416402
rs3767028
rs3002285
rs3118055
rs1332500
rs566576
rs199930
rs4630094
rs367199
rs7333
rs10737340
rs2497866
rs1151640
rs1056596
rs309502
rs1053366
rs1470591
rs3099950
rs994846
rs1524368
rs12994035
rs1978996
rs11555689
rs3111854
rs571513
rs4312664
rs4234259
rs11715344
rs16833413
rs1554241
rs251494
rs7616530
rs4429580
rs11541628
rs2196966
rs6840907
rs1877067
rs6836632
rs3114655
rs1050805
rs1064539
rs2304069
rs6890588
rs1135802
rs10513181
rs3132674
rs2179919
rs6927722
rs2794720
rs2485130
rs6916813
rs1919811
rs6947065
rs13228386
rs17169357
rs2247762
rs3807866
rs3114751
rs7008449
rs2853165
rs716008
rs11548254
rs10781499
rs2989741
rs2768630
rs7872083
rs2378693
rs563802
rs7044536
rs1756867
rs10817885
rs10987687
rs4878803
rs15700
rs12767417
rs2817689
rs1031858
rs1907707
rs1965792
rs363235
rs4255454
rs4934252
rs10377
rs1541306
rs7130366
rs1785003
rs948775
rs11217739
rs2322988
rs473013
rs11605995
rs11606329
rs1148555
rs6488903
rs765687
rs11545055
rs2263417
rs2287574
rs7301320
rs12422945
rs582968
rs2111946
rs2193540
rs7962663
rs7306973
rs9600901
rs6561601
rs9565152
rs2775130
rs1239689
rs1570739
rs2050615
rs2281886
rs868521
rs12865424
rs954370
rs1418618
rs383459
rs1760947
rs1257292
rs11627387
rs1956717
rs10145194
rs699329
rs1060937
rs12591172
rs12441615
rs2004045
rs2458862
rs183757
rs2667661
rs6500187
rs8049931
rs4781938
rs4997783
rs2307240
rs3760027
rs3747576
rs2020956
rs8070961
rs4135010
rs405923
rs4789675
rs16964363
rs1990936
rs216172
rs1010545
rs4410141
rs3809782
rs4969391
rs9783820
rs10853174
rs2779195
rs2429389
rs2262156
rs11545163
rs6507413
rs6566609
rs6506472
rs3960245
rs1046871
rs646509
rs690397
rs2074089
rs11878666
rs3826980
rs4926162
rs2302491
rs4435385
rs10421552
rs12462795
rs7258173
rs2287941
rs12151060
rs12610064
rs3745206
rs332864
rs11670714
rs11882148
rs1077667
rs7259581
rs12609831
rs2307186
rs346527
rs919400
rs4801914
rs7259484
rs13042158
rs2430677
rs2281224
rs1123804
rs16984945
rs6122801
rs6062559
rs3761249
rs2206497
rs3787327
rs6068812
rs4538273
rs170825
rs17304572
rs1865757
rs928777
rs9977472
rs3787697
rs2070563
rs2835859
rs2838861
rs6517625
rs15927
rs2300958
rs9306040
rs1049756
rs3788240
rs13053796
rs9610523
rs1016808
rs3747218
rs2428203
rs5758252
rs2267380
rs2072195
rs11549832
rs5760096
rs9607955
rs138646
rs5758106
rs11705137
rs5753535

*************** END_LIST ******************

